<?xml version="1.0" encoding="UTF-8"?>
<testsuite name="bitcamp.newdeal.lms.AppTest" tests="1" skipped="0" failures="0" errors="0" timestamp="2018-11-27T07:40:14" hostname="USER-PC" time="0.002">
  <properties/>
  <testcase name="testAppHasAGreeting" classname="bitcamp.newdeal.lms.AppTest" time="0.002"/>
  <system-out><![CDATA[]]></system-out>
  <system-err><![CDATA[]]></system-err>
</testsuite>
